<html>
<head>
<title>TestNG:  Test_All</title>
<link href="../testng.css" rel="stylesheet" type="text/css" />
<link href="../my-testng.css" rel="stylesheet" type="text/css" />

<style type="text/css">
.log { display: none;} 
.stack-trace { display: none;} 
</style>
<script type="text/javascript">
<!--
function flip(e) {
  current = e.style.display;
  if (current == 'block') {
    e.style.display = 'none';
    return 0;
  }
  else {
    e.style.display = 'block';
    return 1;
  }
}

function toggleBox(szDivId, elem, msg1, msg2)
{
  var res = -1;  if (document.getElementById) {
    res = flip(document.getElementById(szDivId));
  }
  else if (document.all) {
    // this is the way old msie versions work
    res = flip(document.all[szDivId]);
  }
  if(elem) {
    if(res == 0) elem.innerHTML = msg1; else elem.innerHTML = msg2;
  }

}

function toggleAllBoxes() {
  if (document.getElementsByTagName) {
    d = document.getElementsByTagName('div');
    for (i = 0; i < d.length; i++) {
      if (d[i].className == 'log') {
        flip(d[i]);
      }
    }
  }
}

// -->
</script>

</head>
<body>
<h2 align='center'>Test_All</h2><table border='1' align="center">
<tr>
<td>Tests passed/Failed/Skipped:</td><td>12/1/0</td>
</tr><tr>
<td>Started on:</td><td>Sun Mar 17 15:41:33 IST 2019</td>
</tr>
<tr><td>Total time:</td><td>220 seconds (220162 ms)</td>
</tr><tr>
<td>Included groups:</td><td></td>
</tr><tr>
<td>Excluded groups:</td><td></td>
</tr>
</table><p/>
<small><i>(Hover the method name to see the test class name)</i></small><p/>
<table width='100%' border='1' class='invocation-failed'>
<tr><td colspan='4' align='center'><b>FAILED TESTS</b></td></tr>
<tr><td><b>Test method</b></td>
<td width="30%"><b>Exception</b></td>
<td width="10%"><b>Time (seconds)</b></td>
<td><b>Instance</b></td>
</tr>
<tr>
<td title='week5.day2.DuplicateLead.duplicateLeadTestCase()'><b>duplicateLeadTestCase</b><br>Test class: week5.day2.DuplicateLead</td>
<td><div><pre>org.openqa.selenium.NoSuchElementException: no such element: Unable to locate element: {&quot;method&quot;:&quot;xpath&quot;,&quot;selector&quot;:&quot;(//a[@class=&apos;linktext&apos;])[4]&quot;}
  (Session info: chrome=72.0.3626.121)
  (Driver info: chromedriver=2.45.615291 (ec3682e3c9061c10f26ea9e5cdcf3c53f3f74387),platform=Windows NT 10.0.17134 x86_64) (WARNING: The server did not provide any stacktrace information)
Command duration or timeout: 0 milliseconds
For documentation on this error, please visit: https://www.seleniumhq.org/exceptions/no_such_element.html
Build info: version: &apos;3.141.59&apos;, revision: &apos;e82be7d358&apos;, time: &apos;2018-11-14T08:17:03&apos;
System info: host: &apos;DESKTOP-51NR18P&apos;, ip: &apos;192.168.42.90&apos;, os.name: &apos;Windows 8.1&apos;, os.arch: &apos;x86&apos;, os.version: &apos;6.3&apos;, java.version: &apos;1.8.0&apos;
Driver info: org.openqa.selenium.chrome.ChromeDriver
Capabilities {acceptInsecureCerts: false, acceptSslCerts: false, applicationCacheEnabled: false, browserConnectionEnabled: false, browserName: chrome, chrome: {chromedriverVersion: 2.45.615291 (ec3682e3c9061c..., userDataDir: C:\Users\admin\AppData\Loca...}, cssSelectorsEnabled: true, databaseEnabled: false, goog:chromeOptions: {debuggerAddress: localhost:50560}, handlesAlerts: true, hasTouchScreen: false, javascriptEnabled: true, locationContextEnabled: true, mobileEmulationEnabled: false, nativeEvents: true, networkConnectionEnabled: false, pageLoadStrategy: normal, platform: XP, platformName: XP, proxy: Proxy(), rotatable: false, setWindowRect: true, strictFileInteractability: false, takesHeapSnapshot: true, takesScreenshot: true, timeouts: {implicit: 0, pageLoad: 300000, script: 30000}, unexpectedAlertBehaviour: ignore, unhandledPromptBehavior: ignore, version: 72.0.3626.121, webStorageEnabled: true}
Session ID: 6fe3d5af76218219730430df0d86bc6b
*** Element info: {Using=xpath, value=(//a[@class=&apos;linktext&apos;])[4]}
	at org.openqa.selenium.remote.ErrorHandler.createThrowable(ErrorHandler.java:214)
	at org.openqa.selenium.remote.ErrorHandler.throwIfResponseFailed(ErrorHandler.java:166)
	at org.openqa.selenium.remote.http.JsonHttpResponseCodec.reconstructValue(JsonHttpResponseCodec.java:40)
	at org.openqa.selenium.remote.http.AbstractHttpResponseCodec.decode(AbstractHttpResponseCodec.java:80)
	at org.openqa.selenium.remote.http.AbstractHttpResponseCodec.decode(AbstractHttpResponseCodec.java:44)
	at org.openqa.selenium.remote.HttpCommandExecutor.execute(HttpCommandExecutor.java:158)
	at org.openqa.selenium.remote.service.DriverCommandExecutor.execute(DriverCommandExecutor.java:83)
	at org.openqa.selenium.remote.RemoteWebDriver.execute(RemoteWebDriver.java:552)
	at org.openqa.selenium.remote.RemoteWebDriver.findElement(RemoteWebDriver.java:323)
	at org.openqa.selenium.remote.RemoteWebDriver.findElementByXPath(RemoteWebDriver.java:428)
	at week5.day2.DuplicateLead.duplicateLeadTestCase(DuplicateLead.java:28)
	at java.util.concurrent.ThreadPoolExecutor.runWorker(Unknown Source)
	at java.util.concurrent.ThreadPoolExecutor$Worker.run(Unknown Source)
	at java.lang.Thread.run(Unknown Source)
... Removed 14 stack frames</pre></div><a href='#' onClick='toggleBox("stack-trace13050113", this, "Click to show all stack frames", "Click to hide stack frames")'>Click to show all stack frames</a>
<div class='stack-trace' id='stack-trace13050113'><pre>org.openqa.selenium.NoSuchElementException: no such element: Unable to locate element: {&quot;method&quot;:&quot;xpath&quot;,&quot;selector&quot;:&quot;(//a[@class=&apos;linktext&apos;])[4]&quot;}
  (Session info: chrome=72.0.3626.121)
  (Driver info: chromedriver=2.45.615291 (ec3682e3c9061c10f26ea9e5cdcf3c53f3f74387),platform=Windows NT 10.0.17134 x86_64) (WARNING: The server did not provide any stacktrace information)
Command duration or timeout: 0 milliseconds
For documentation on this error, please visit: https://www.seleniumhq.org/exceptions/no_such_element.html
Build info: version: &apos;3.141.59&apos;, revision: &apos;e82be7d358&apos;, time: &apos;2018-11-14T08:17:03&apos;
System info: host: &apos;DESKTOP-51NR18P&apos;, ip: &apos;192.168.42.90&apos;, os.name: &apos;Windows 8.1&apos;, os.arch: &apos;x86&apos;, os.version: &apos;6.3&apos;, java.version: &apos;1.8.0&apos;
Driver info: org.openqa.selenium.chrome.ChromeDriver
Capabilities {acceptInsecureCerts: false, acceptSslCerts: false, applicationCacheEnabled: false, browserConnectionEnabled: false, browserName: chrome, chrome: {chromedriverVersion: 2.45.615291 (ec3682e3c9061c..., userDataDir: C:\Users\admin\AppData\Loca...}, cssSelectorsEnabled: true, databaseEnabled: false, goog:chromeOptions: {debuggerAddress: localhost:50560}, handlesAlerts: true, hasTouchScreen: false, javascriptEnabled: true, locationContextEnabled: true, mobileEmulationEnabled: false, nativeEvents: true, networkConnectionEnabled: false, pageLoadStrategy: normal, platform: XP, platformName: XP, proxy: Proxy(), rotatable: false, setWindowRect: true, strictFileInteractability: false, takesHeapSnapshot: true, takesScreenshot: true, timeouts: {implicit: 0, pageLoad: 300000, script: 30000}, unexpectedAlertBehaviour: ignore, unhandledPromptBehavior: ignore, version: 72.0.3626.121, webStorageEnabled: true}
Session ID: 6fe3d5af76218219730430df0d86bc6b
*** Element info: {Using=xpath, value=(//a[@class=&apos;linktext&apos;])[4]}
	at sun.reflect.NativeConstructorAccessorImpl.newInstance0(Native Method)
	at sun.reflect.NativeConstructorAccessorImpl.newInstance(Unknown Source)
	at sun.reflect.DelegatingConstructorAccessorImpl.newInstance(Unknown Source)
	at java.lang.reflect.Constructor.newInstance(Unknown Source)
	at org.openqa.selenium.remote.ErrorHandler.createThrowable(ErrorHandler.java:214)
	at org.openqa.selenium.remote.ErrorHandler.throwIfResponseFailed(ErrorHandler.java:166)
	at org.openqa.selenium.remote.http.JsonHttpResponseCodec.reconstructValue(JsonHttpResponseCodec.java:40)
	at org.openqa.selenium.remote.http.AbstractHttpResponseCodec.decode(AbstractHttpResponseCodec.java:80)
	at org.openqa.selenium.remote.http.AbstractHttpResponseCodec.decode(AbstractHttpResponseCodec.java:44)
	at org.openqa.selenium.remote.HttpCommandExecutor.execute(HttpCommandExecutor.java:158)
	at org.openqa.selenium.remote.service.DriverCommandExecutor.execute(DriverCommandExecutor.java:83)
	at org.openqa.selenium.remote.RemoteWebDriver.execute(RemoteWebDriver.java:552)
	at org.openqa.selenium.remote.RemoteWebDriver.findElement(RemoteWebDriver.java:323)
	at org.openqa.selenium.remote.RemoteWebDriver.findElementByXPath(RemoteWebDriver.java:428)
	at week5.day2.DuplicateLead.duplicateLeadTestCase(DuplicateLead.java:28)
	at sun.reflect.NativeMethodAccessorImpl.invoke0(Native Method)
	at sun.reflect.NativeMethodAccessorImpl.invoke(Unknown Source)
	at sun.reflect.DelegatingMethodAccessorImpl.invoke(Unknown Source)
	at java.lang.reflect.Method.invoke(Unknown Source)
	at org.testng.internal.MethodInvocationHelper.invokeMethod(MethodInvocationHelper.java:124)
	at org.testng.internal.Invoker.invokeMethod(Invoker.java:580)
	at org.testng.internal.Invoker.invokeTestMethod(Invoker.java:716)
	at org.testng.internal.Invoker.invokeTestMethods(Invoker.java:988)
	at org.testng.internal.TestMethodWorker.invokeTestMethods(TestMethodWorker.java:125)
	at org.testng.internal.TestMethodWorker.run(TestMethodWorker.java:109)
	at java.util.concurrent.ThreadPoolExecutor.runWorker(Unknown Source)
	at java.util.concurrent.ThreadPoolExecutor$Worker.run(Unknown Source)
	at java.lang.Thread.run(Unknown Source)
</pre></div></td>
<td>38</td>
<td>week5.day2.DuplicateLead@1ca901e</td></tr>
</table><p>
<table width='100%' border='1' class='invocation-passed'>
<tr><td colspan='4' align='center'><b>PASSED TESTS</b></td></tr>
<tr><td><b>Test method</b></td>
<td width="30%"><b>Exception</b></td>
<td width="10%"><b>Time (seconds)</b></td>
<td><b>Instance</b></td>
</tr>
<tr>
<td title='week5.day2.CreateLead.createLeadTestcase()'><b>createLeadTestcase</b><br>Test class: week5.day2.CreateLead<br>Parameters: Capgemini, Siva1, G, xyz1@gmail.com</td>
<td></td>
<td>4</td>
<td>week5.day2.CreateLead@102b3b1</td></tr>
<tr>
<td title='week5.day2.CreateLead.createLeadTestcase()'><b>createLeadTestcase</b><br>Test class: week5.day2.CreateLead<br>Parameters: HSBC, Siva2, G, xyz2@gmail.com</td>
<td></td>
<td>3</td>
<td>week5.day2.CreateLead@102b3b1</td></tr>
<tr>
<td title='week5.day2.CreateLead.createLeadTestcase()'><b>createLeadTestcase</b><br>Test class: week5.day2.CreateLead<br>Parameters: SCOPE, Siva3, G, xyz3@gmail.com</td>
<td></td>
<td>4</td>
<td>week5.day2.CreateLead@102b3b1</td></tr>
<tr>
<td title='week5.day2.CreateLead.createLeadTestcase()'><b>createLeadTestcase</b><br>Test class: week5.day2.CreateLead<br>Parameters: Temenos, Siva4, G, xyz4@gmail.com</td>
<td></td>
<td>4</td>
<td>week5.day2.CreateLead@102b3b1</td></tr>
<tr>
<td title='week5.day2.DeleteLead.deleteLeadTestCase()'><b>deleteLeadTestCase</b><br>Test class: week5.day2.DeleteLead<br>Parameters: xyz1@gmail.com</td>
<td></td>
<td>15</td>
<td>week5.day2.DeleteLead@1ea3742</td></tr>
<tr>
<td title='week5.day2.DeleteLead.deleteLeadTestCase()'><b>deleteLeadTestCase</b><br>Test class: week5.day2.DeleteLead<br>Parameters: xyz2@gmail.com</td>
<td></td>
<td>16</td>
<td>week5.day2.DeleteLead@1ea3742</td></tr>
<tr>
<td title='week5.day2.DeleteLead.deleteLeadTestCase()'><b>deleteLeadTestCase</b><br>Test class: week5.day2.DeleteLead<br>Parameters: xyz3@gmail.com</td>
<td></td>
<td>15</td>
<td>week5.day2.DeleteLead@1ea3742</td></tr>
<tr>
<td title='week5.day2.DeleteLead.deleteLeadTestCase()'><b>deleteLeadTestCase</b><br>Test class: week5.day2.DeleteLead<br>Parameters: xyz4@gmail.com</td>
<td></td>
<td>14</td>
<td>week5.day2.DeleteLead@1ea3742</td></tr>
<tr>
<td title='week5.day2.EditLead.editLeadTestCase()'><b>editLeadTestCase</b><br>Test class: week5.day2.EditLead<br>Parameters: xyz1@gmail.com, Capgemini_Updated</td>
<td></td>
<td>13</td>
<td>week5.day2.EditLead@1952a2d</td></tr>
<tr>
<td title='week5.day2.EditLead.editLeadTestCase()'><b>editLeadTestCase</b><br>Test class: week5.day2.EditLead<br>Parameters: xyz2@gmail.com, HSBC_Updated</td>
<td></td>
<td>10</td>
<td>week5.day2.EditLead@1952a2d</td></tr>
<tr>
<td title='week5.day2.EditLead.editLeadTestCase()'><b>editLeadTestCase</b><br>Test class: week5.day2.EditLead<br>Parameters: xyz3@gmail.com, Scope_Updated</td>
<td></td>
<td>10</td>
<td>week5.day2.EditLead@1952a2d</td></tr>
<tr>
<td title='week5.day2.EditLead.editLeadTestCase()'><b>editLeadTestCase</b><br>Test class: week5.day2.EditLead<br>Parameters: xyz4@gmail.com, Temenos_Updated</td>
<td></td>
<td>10</td>
<td>week5.day2.EditLead@1952a2d</td></tr>
</table><p>
</body>
</html>